<?xml version="1.0" encoding="UTF-8"?>
<!-- Generated by org.testng.reporters.JUnitReportReporter -->
<testsuite hostname="DESKTOP-KC6CDCF" failures="0" tests="2" name="testCases.LoginTest" time="24.401" errors="0" timestamp="2024-01-16T01:07:40 IST" skipped="0">
  <testcase classname="testCases.LoginTest" name="invalidLoginToCRM" time="12.872"/>
  <testcase classname="testCases.LoginTest" name="validLoginToCRM" time="11.529"/>
  <system-out>
    <![CDATA[LOG:INFO- Running Before Class- Setting Up Browser
LOG:INFO- Browser And Application Is Up And Running
LOG:INFO- Running After Class- Closing Browser
LOG:INFO- Browser Closed
LOG:INFO- Running Before Class- Setting Up Browser
LOG:INFO- Browser And Application Is Up And Running
LOG:INFO- Running After Class- Closing Browser
LOG:INFO- Browser Closed]]>
  </system-out>
</testsuite> <!-- testCases.LoginTest -->
