<?xml version="1.0" encoding="UTF-8"?>
<!-- Generated by org.testng.reporters.JUnitReportReporter -->
<testsuite hostname="DESKTOP-KC6CDCF" failures="0" tests="2" name="testCases.LoginTest" time="31.641" errors="0" timestamp="2024-01-26T21:42:47 IST" skipped="0">
  <testcase classname="testCases.LoginTest" name="invalidLoginToCRM" time="13.942"/>
  <testcase classname="testCases.LoginTest" name="validLoginToCRMELEM1397" time="17.699"/>
  <system-out>
    <![CDATA[LOG:INFO- Running Before Class- Setting Up Browser
LOG:INFO- Browser And Application Is Up And Running
LOG:INFO- Running After Class- Closing Browser
LOG:INFO- Browser Closed
LOG:INFO- Running Before Class- Setting Up Browser
LOG:INFO- Browser And Application Is Up And Running
LOG:INFO- Running After Class- Closing Browser
LOG:INFO- Browser Closed]]>
  </system-out>
</testsuite> <!-- testCases.LoginTest -->
